<?xml version="1.0" encoding="UTF-8"?>
<!-- Generated by org.testng.reporters.JUnitReportReporter -->
<testsuite hostname="iklymchuk" name="test.edm" tests="2" failures="0" timestamp="9 Sep 2015 14:25:59 GMT" time="3.669" errors="0">
  <testcase name="testGetXML" time="0.549" classname="test.edm"/>
  <testcase name="testGetJSON" time="3.120" classname="test.edm"/>
</testsuite> <!-- test.edm -->
